<?xml version="1.0" encoding="UTF-8"?>
<testsuite xmlns:xsi="http://www.w3.org/2001/XMLSchema-instance" xsi:noNamespaceSchemaLocation="https://maven.apache.org/surefire/maven-surefire-plugin/xsd/surefire-test-report-3.0.xsd" version="3.0" name="tests.LoginPageTest" time="11.458" tests="1" errors="0" skipped="0" failures="0">
  <properties>
[...]
</properties>
  <testcase name="loginPageNavigationTest" classname="tests.LoginPageTest" time="0.202">
    <system-out><![CDATA[App creds: standard_user:secret_sauce
user is logged in successfully....
loginSuccesfull: true
]]></system-out>
  </testcase>
</testsuite>